<?xml version="1.0" encoding="UTF-8"?>
<!-- Generated by org.testng.reporters.JUnitXMLReporter -->
<testsuite ignored="0" hostname="Ashfaq" failures="0" tests="2" name="Error Validation Test" time="6.512" errors="0" timestamp="2025-07-15T13:19:55 IST">
  <testcase classname="AshpakShaikh_Automation.tests.ErrorValidationTest" name="errorValidation" time="1.08"/>
  <testcase classname="AshpakShaikh_Automation.tests.ErrorValidationTest" name="productErrorValidation" time="2.31"/>
</testsuite> <!-- Error Validation Test -->
