<?xml version="1.0" encoding="UTF-8"?>
<testng-results ignored="0" total="1" passed="1" failed="0" skipped="0">
  <reporter-output>
  </reporter-output>
  <suite started-at="2025-07-14T19:15:05 IST" name="Default suite" finished-at="2025-07-14T19:15:16 IST" duration-ms="10434">
    <groups>
    </groups>
    <test started-at="2025-07-14T19:15:05 IST" name="Default test" finished-at="2025-07-14T19:15:16 IST" duration-ms="10434">
      <class name="AshpakShaikh_Automation.tests.SubmitOrderTest">
        <test-method signature="submitOrder()[pri:0, instance:AshpakShaikh_Automation.tests.SubmitOrderTest@5fe94a96]" started-at="2025-07-14T19:15:05 IST" name="submitOrder" finished-at="2025-07-14T19:15:16 IST" duration-ms="10347" status="PASS">
          <reporter-output>
          </reporter-output>
        </test-method> <!-- submitOrder -->
      </class> <!-- AshpakShaikh_Automation.tests.SubmitOrderTest -->
    </test> <!-- Default test -->
  </suite> <!-- Default suite -->
</testng-results>
