<?xml version="1.0" encoding="UTF-8"?>
<testng-results ignored="0" total="2" passed="2" failed="0" skipped="0">
  <reporter-output>
  </reporter-output>
  <suite started-at="2025-07-15T19:45:35 IST" name="Default suite" finished-at="2025-07-15T19:45:43 IST" duration-ms="7793">
    <groups>
    </groups>
    <test started-at="2025-07-15T19:45:35 IST" name="Default test" finished-at="2025-07-15T19:45:43 IST" duration-ms="7793">
      <class name="AshpakShaikh_Automation.tests.SubmitOrderTest">
        <test-method is-config="true" signature="launchApplication()[pri:0, instance:AshpakShaikh_Automation.tests.SubmitOrderTest@5bf0d49]" started-at="2025-07-15T19:45:35 IST" name="launchApplication" finished-at="2025-07-15T19:45:38 IST" duration-ms="2981" status="PASS">
          <reporter-output>
          </reporter-output>
        </test-method> <!-- launchApplication -->
        <test-method signature="submitOrder()[pri:0, instance:AshpakShaikh_Automation.tests.SubmitOrderTest@5bf0d49]" started-at="2025-07-15T19:45:38 IST" name="submitOrder" finished-at="2025-07-15T19:45:41 IST" duration-ms="3069" status="PASS">
          <reporter-output>
          </reporter-output>
        </test-method> <!-- submitOrder -->
        <test-method is-config="true" signature="tearDown()[pri:0, instance:AshpakShaikh_Automation.tests.SubmitOrderTest@5bf0d49]" started-at="2025-07-15T19:45:41 IST" name="tearDown" finished-at="2025-07-15T19:45:41 IST" duration-ms="57" status="PASS">
          <reporter-output>
          </reporter-output>
        </test-method> <!-- tearDown -->
        <test-method is-config="true" signature="launchApplication()[pri:0, instance:AshpakShaikh_Automation.tests.SubmitOrderTest@5bf0d49]" started-at="2025-07-15T19:45:41 IST" name="launchApplication" finished-at="2025-07-15T19:45:42 IST" duration-ms="977" status="PASS">
          <reporter-output>
          </reporter-output>
        </test-method> <!-- launchApplication -->
        <test-method signature="orderHistoryTest()[pri:0, instance:AshpakShaikh_Automation.tests.SubmitOrderTest@5bf0d49]" started-at="2025-07-15T19:45:42 IST" name="orderHistoryTest" finished-at="2025-07-15T19:45:43 IST" depends-on-methods="AshpakShaikh_Automation.tests.SubmitOrderTest.submitOrder" duration-ms="591" status="PASS">
          <reporter-output>
          </reporter-output>
        </test-method> <!-- orderHistoryTest -->
        <test-method is-config="true" signature="tearDown()[pri:0, instance:AshpakShaikh_Automation.tests.SubmitOrderTest@5bf0d49]" started-at="2025-07-15T19:45:43 IST" name="tearDown" finished-at="2025-07-15T19:45:43 IST" duration-ms="83" status="PASS">
          <reporter-output>
          </reporter-output>
        </test-method> <!-- tearDown -->
      </class> <!-- AshpakShaikh_Automation.tests.SubmitOrderTest -->
    </test> <!-- Default test -->
  </suite> <!-- Default suite -->
</testng-results>
